2022-06-19 12:36:49,053 :INFO : test_01_verify_that_application_navigates_user_to_blazedemo_login_page_upon_clicking_on_home_button :Test Case is Passed
2022-06-19 12:36:54,384 :INFO : test_02_verify_that_application_navigates_user_to_destination_with_image_upon_clicking_on_destination_of_week_link :Test Case is Passed
2022-06-19 12:36:59,314 :INFO : test_03_verify_that_user_is_able_to_select_any_departure_and_destination_city_from_dropdown :Test Case is Passed
2022-06-19 12:37:02,772 :INFO : test_04_verify_that_application_displays_multiple_flight_options_upon_clicking_on_find_flights :Test Case is Passed
2022-06-19 12:37:06,567 :INFO : test_05_verify_that_application_displays_the_correct_departure_and_destination_in_flight_options :Test Case is Passed
2022-06-19 12:37:11,704 :INFO : test_06_verify_that_application_displays_checkbox_and_user_is_able_to_check_checkbox_in_book_flight_form :Test Case is Passed
2022-06-19 12:37:16,284 :INFO : test_07_verify_that_user_is_able_to_book_the_flight_upon_filling_the_correct_details :Test Case is Passed
2022-06-19 12:37:20,778 :INFO : test_08_verify_the_url_of_flight_booking_confirmation_page :Test Case is Passed
2022-06-19 12:37:25,211 :INFO : test_09_verify_application_displays_error_upon_entering_invalid_email_in_blazedemo_login_page :Test Case is Passed
2022-06-19 12:37:30,363 :INFO : test_10_verify_that_application_navigates_to_correct_url_for_forgot_password :Test Case is Passed
2022-06-19 12:37:34,850 :INFO : test_11_verify_that_application_displays_validation_message_if_user_tries_to_login_with_blank_password :Test Case is Passed
2022-06-19 12:39:20,550 :INFO : test_01_verify_that_application_navigates_user_to_blazedemo_login_page_upon_clicking_on_home_button :Test Case is Passed
2022-06-19 12:39:25,565 :INFO : test_02_verify_that_application_navigates_user_to_destination_with_image_upon_clicking_on_destination_of_week_link :Test Case is Passed
2022-06-19 12:39:29,113 :INFO : test_03_verify_that_user_is_able_to_select_any_departure_and_destination_city_from_dropdown :Test Case is Passed
2022-06-19 12:39:32,606 :INFO : test_04_verify_that_application_displays_multiple_flight_options_upon_clicking_on_find_flights :Test Case is Passed
2022-06-19 12:39:35,689 :INFO : test_05_verify_that_application_displays_the_correct_departure_and_destination_in_flight_options :Test Case is Passed
2022-06-19 12:39:40,796 :INFO : test_06_verify_that_application_displays_checkbox_and_user_is_able_to_check_checkbox_in_book_flight_form :Test Case is Passed
2022-06-19 12:39:45,989 :INFO : test_07_verify_that_user_is_able_to_book_the_flight_upon_filling_the_correct_details :Test Case is Passed
2022-06-19 12:39:51,310 :INFO : test_08_verify_the_url_of_flight_booking_confirmation_page :Test Case is Passed
2022-06-19 12:39:56,112 :INFO : test_09_verify_application_displays_error_upon_entering_invalid_email_in_blazedemo_login_page :Test Case is Passed
2022-06-19 12:40:02,102 :INFO : test_10_verify_that_application_navigates_to_correct_url_for_forgot_password :Test Case is Passed
2022-06-19 12:40:06,950 :INFO : test_11_verify_that_application_displays_validation_message_if_user_tries_to_login_with_blank_password :Test Case is Passed
2022-06-19 12:43:58,462 :INFO : test_01_verify_that_application_navigates_user_to_blazedemo_login_page_upon_clicking_on_home_button :Test Case is Passed
2022-06-19 12:44:05,555 :INFO : test_02_verify_that_application_navigates_user_to_destination_with_image_upon_clicking_on_destination_of_week_link :Test Case is Passed
2022-06-19 12:44:09,030 :INFO : test_03_verify_that_user_is_able_to_select_any_departure_and_destination_city_from_dropdown :Test Case is Passed
2022-06-19 12:44:12,375 :INFO : test_04_verify_that_application_displays_multiple_flight_options_upon_clicking_on_find_flights :Test Case is Passed
2022-06-19 12:44:15,472 :INFO : test_05_verify_that_application_displays_the_correct_departure_and_destination_in_flight_options :Test Case is Passed
2022-06-19 12:44:20,335 :INFO : test_06_verify_that_application_displays_checkbox_and_user_is_able_to_check_checkbox_in_book_flight_form :Test Case is Passed
2022-06-19 12:44:24,910 :INFO : test_07_verify_that_user_is_able_to_book_the_flight_upon_filling_the_correct_details :Test Case is Passed
2022-06-19 12:44:29,803 :INFO : test_08_verify_the_url_of_flight_booking_confirmation_page :Test Case is Passed
2022-06-19 12:44:34,469 :INFO : test_09_verify_application_displays_error_upon_entering_invalid_email_in_blazedemo_login_page :Test Case is Passed
2022-06-19 12:44:39,462 :INFO : test_10_verify_that_application_navigates_to_correct_url_for_forgot_password :Test Case is Passed
2022-06-19 12:44:44,482 :INFO : test_11_verify_that_application_displays_validation_message_if_user_tries_to_login_with_blank_password :Test Case is Passed
2022-06-20 20:37:03,182 :INFO : test_01_verify_that_application_navigates_user_to_blazedemo_login_page_upon_clicking_on_home_button :Test Case is Passed
2022-06-20 20:37:09,604 :INFO : test_02_verify_that_application_navigates_user_to_destination_with_image_upon_clicking_on_destination_of_week_link :Test Case is Passed
2022-06-20 20:37:15,425 :INFO : test_03_verify_that_user_is_able_to_select_any_departure_and_destination_city_from_dropdown :Test Case is Passed
2022-06-20 20:37:19,674 :INFO : test_04_verify_that_application_displays_multiple_flight_options_upon_clicking_on_find_flights :Test Case is Passed
2022-06-20 20:37:23,541 :INFO : test_05_verify_that_application_displays_the_correct_departure_and_destination_in_flight_options :Test Case is Passed
2022-06-20 20:37:28,620 :INFO : test_06_verify_that_application_displays_checkbox_and_user_is_able_to_check_checkbox_in_book_flight_form :Test Case is Passed
2022-06-20 20:37:35,206 :INFO : test_07_verify_that_user_is_able_to_book_the_flight_upon_filling_the_correct_details :Test Case is Passed
2022-06-20 20:37:41,202 :INFO : test_08_verify_the_url_of_flight_booking_confirmation_page :Test Case is Passed
2022-06-20 20:37:47,641 :INFO : test_09_verify_application_displays_error_upon_entering_invalid_email_in_blazedemo_login_page :Test Case is Passed
2022-06-20 20:37:59,043 :INFO : test_10_verify_that_application_navigates_to_correct_url_for_forgot_password :Test Case is Passed
2022-06-20 20:38:04,121 :INFO : test_11_verify_that_application_displays_validation_message_if_user_tries_to_login_with_blank_password :Test Case is Passed
2022-07-22 15:12:39,042 :INFO : test_01_verify_that_application_navigates_user_to_blazedemo_login_page_upon_clicking_on_home_button :Test Case is Passed
2022-07-22 15:12:43,831 :INFO : test_02_verify_that_application_navigates_user_to_destination_with_image_upon_clicking_on_destination_of_week_link :Test Case is Passed
2022-07-22 15:12:47,415 :INFO : test_03_verify_that_user_is_able_to_select_any_departure_and_destination_city_from_dropdown :Test Case is Passed
2022-07-22 15:12:50,309 :INFO : test_04_verify_that_application_displays_multiple_flight_options_upon_clicking_on_find_flights :Test Case is Passed
2022-07-22 15:12:53,109 :INFO : test_05_verify_that_application_displays_the_correct_departure_and_destination_in_flight_options :Test Case is Passed
2022-07-22 15:12:57,411 :INFO : test_06_verify_that_application_displays_checkbox_and_user_is_able_to_check_checkbox_in_book_flight_form :Test Case is Passed
2022-07-22 15:13:01,555 :INFO : test_07_verify_that_user_is_able_to_book_the_flight_upon_filling_the_correct_details :Test Case is Passed
